<?xml version="1.0" encoding="UTF-8"?>
<!-- Generated by org.testng.reporters.JUnitXMLReporter -->
<testsuite ignored="0" hostname="MansiGajre" failures="0" tests="1" name="Test To Verify CRM Login" time="2.235" errors="0" timestamp="2022-09-15T16:16:52 IST">
  <testcase classname="com.crm.base.SetUp" name="@AfterTest tearDownTest" time="0.002">
    <failure type="java.lang.NullPointerException">
      <![CDATA[java.lang.NullPointerException
at com.crm.base.SetUp.tearDownTest(SetUp.java:58)
... Removed 24 stack frames]]>
    </failure>
  </testcase> <!-- @AfterTest tearDownTest -->
  <testcase classname="com.crm.testCases.TC01VerifyCRMLogin" name="VerifyCRMLogin" time="2.164">
    <skipped/>
  </testcase> <!-- VerifyCRMLogin -->
</testsuite> <!-- Test To Verify CRM Login -->
